DFS-frontend/modules/dfsmodule/android/build/intermediates/manifest_merge_blame_file/debug/processDebugManifest/manifest-merger-blame-debug-report.txt
1<?xml version="1.0" encoding="utf-8"?>
2<manifest xmlns:android="http://schemas.android.com/apk/res/android"
3    package="expo.modules.dfsmodule" >
4
5    <uses-sdk android:minSdkVersion="24" />
6
7    <uses-permission android:name="android.permission.POST_NOTIFICATIONS" />
7-->src\main\AndroidManifest.xml:2:5-77
7-->src\main\AndroidManifest.xml:2:22-74
8
9    <application>
9-->src\main\AndroidManifest.xml:3:5-5:19
10    </application>
11
12</manifest>